[INFO] Scanning for projects...
[INFO]                                                                         
[INFO] ------------------------------------------------------------------------
[INFO] Building IOT Controller Router 1.0.0-SNAPSHOT
[INFO] ------------------------------------------------------------------------
[INFO] 
[INFO] --- maven-clean-plugin:2.5:clean (default-clean) @ controller_router ---
[INFO] Deleting /home/psteiner/workspace_fuse/iot_controller_router/target
[INFO] 
[INFO] --- maven-resources-plugin:2.6:resources (default-resources) @ controller_router ---
[INFO] Using 'UTF-8' encoding to copy filtered resources.
[INFO] Copying 2 resources
[INFO] 
[INFO] --- maven-compiler-plugin:2.5.1:compile (default-compile) @ controller_router ---
[INFO] Compiling 1 source file to /home/psteiner/workspace_fuse/iot_controller_router/target/classes
[INFO] 
[INFO] --- maven-bundle-plugin:2.3.7:manifest (bundle-manifest) @ controller_router ---
[WARNING] Manifest com.redhat.demo.iot.controller.router:controller_router:bundle:1.0.0-SNAPSHOT : Superfluous export-package instructions: [com.redhat.demo.iot.controller.router]
[INFO] 
[INFO] --- maven-resources-plugin:2.6:testResources (default-testResources) @ controller_router ---
[INFO] Using 'UTF-8' encoding to copy filtered resources.
[INFO] skip non existing resourceDirectory /home/psteiner/workspace_fuse/iot_controller_router/src/test/resources
[INFO] 
[INFO] --- maven-compiler-plugin:2.5.1:testCompile (default-testCompile) @ controller_router ---
[INFO] No sources to compile
[INFO] 
[INFO] --- maven-surefire-plugin:2.13-SONATYPE:test (default-test) @ controller_router ---
[INFO] No tests to run.
[INFO] 
[INFO] --- maven-bundle-plugin:2.3.7:bundle (default-bundle) @ controller_router ---
[WARNING] Bundle com.redhat.demo.iot.controller.router:controller_router:bundle:1.0.0-SNAPSHOT : Instructions in Export-Package that are never used: com\.redhat\.demo\.iot\.controller\.router
Classpath: Jar:.,Jar:camel-core,Jar:jaxb-core,Jar:jaxb-impl,Jar:camel-blueprint,Jar:camel-core-xml,Jar:camel-core-osgi,Jar:slf4j-api,Jar:slf4j-log4j12,Jar:log4j,Jar:camel-test-blueprint,Jar:camel-test,Jar:camel-core,Jar:org.apache.aries.blueprint,Jar:org.apache.aries.util,Jar:org.apache.aries.proxy.impl,Jar:org.apache.aries.proxy.api,Jar:de.kalpatec.pojosr.framework,Jar:pax-swissbox-tinybundles,Jar:ops4j-base-lang,Jar:ops4j-base-io,Jar:ops4j-base-monitors,Jar:ops4j-base-store,Jar:pax-swissbox-bnd,Jar:bndlib,Jar:commons-logging,Jar:junit,Jar:hamcrest-core,Jar:org.apache.felix.configadmin,Jar:org.apache.felix.fileinstall

[WARNING] Bundle com.redhat.demo.iot.controller.router:controller_router:bundle:1.0.0-SNAPSHOT : Superfluous export-package instructions: [com.redhat.demo.iot.controller.router]
[INFO] 
[INFO] --- maven-install-plugin:2.4:install (default-install) @ controller_router ---
[INFO] Installing /home/psteiner/workspace_fuse/iot_controller_router/target/controller_router-1.0.0-SNAPSHOT.jar to /media/psf/Home/.m2/repository/com/redhat/demo/iot/controller/router/controller_router/1.0.0-SNAPSHOT/controller_router-1.0.0-SNAPSHOT.jar
[INFO] Installing /home/psteiner/workspace_fuse/iot_controller_router/pom.xml to /media/psf/Home/.m2/repository/com/redhat/demo/iot/controller/router/controller_router/1.0.0-SNAPSHOT/controller_router-1.0.0-SNAPSHOT.pom
[INFO] 
[INFO] --- maven-bundle-plugin:2.3.7:install (default-install) @ controller_router ---
[INFO] Installing com/redhat/demo/iot/controller/router/controller_router/1.0.0-SNAPSHOT/controller_router-1.0.0-SNAPSHOT.jar
[INFO] Writing OBR metadata
[INFO] ------------------------------------------------------------------------
[INFO] BUILD SUCCESS
[INFO] ------------------------------------------------------------------------
[INFO] Total time: 3.420 s
[INFO] Finished at: 2015-07-03T22:07:14+02:00
[INFO] Final Memory: 21M/326M
[INFO] ------------------------------------------------------------------------
