[INFO] Scanning for projects...
[INFO]                                                                         
[INFO] ------------------------------------------------------------------------
[INFO] Building IOT CONTROLLER CEP 0.0.1-SNAPSHOT
[INFO] ------------------------------------------------------------------------
[INFO] 
[INFO] --- maven-clean-plugin:2.5:clean (default-clean) @ controller_cep ---
[INFO] Deleting /home/psteiner/workspace_fuse/iot_controller_cep/target
[INFO] 
[INFO] --- maven-resources-plugin:2.6:resources (default-resources) @ controller_cep ---
[INFO] Using 'UTF-8' encoding to copy filtered resources.
[INFO] Copying 2 resources
[INFO] 
[INFO] --- maven-compiler-plugin:2.5.1:compile (default-compile) @ controller_cep ---
[INFO] Compiling 6 source files to /home/psteiner/workspace_fuse/iot_controller_cep/target/classes
[INFO] 
[INFO] --- maven-resources-plugin:2.6:testResources (default-testResources) @ controller_cep ---
[INFO] Using 'UTF-8' encoding to copy filtered resources.
[INFO] skip non existing resourceDirectory /home/psteiner/workspace_fuse/iot_controller_cep/src/test/resources
[INFO] 
[INFO] --- maven-compiler-plugin:2.5.1:testCompile (default-testCompile) @ controller_cep ---
[INFO] No sources to compile
[INFO] 
[INFO] --- maven-surefire-plugin:2.12.4:test (default-test) @ controller_cep ---
[INFO] No tests to run.
[INFO] 
[INFO] --- maven-jar-plugin:2.4:jar (default-jar) @ controller_cep ---
[INFO] Building jar: /home/psteiner/workspace_fuse/iot_controller_cep/target/iot_controller_cep.jar
[INFO] 
[INFO] --- maven-assembly-plugin:2.2-beta-5:single (default) @ controller_cep ---
[INFO] META-INF/ already added, skipping
[INFO] META-INF/MANIFEST.MF already added, skipping
[INFO] javax/ already added, skipping
[INFO] javax/jms/ already added, skipping
[INFO] javax/jms/BytesMessage.class already added, skipping
[INFO] javax/jms/Connection.class already added, skipping
[INFO] javax/jms/ConnectionConsumer.class already added, skipping
[INFO] javax/jms/ConnectionFactory.class already added, skipping
[INFO] javax/jms/ConnectionMetaData.class already added, skipping
[INFO] javax/jms/DeliveryMode.class already added, skipping
[INFO] javax/jms/Destination.class already added, skipping
[INFO] javax/jms/ExceptionListener.class already added, skipping
[INFO] javax/jms/IllegalStateException.class already added, skipping
[INFO] javax/jms/InvalidClientIDException.class already added, skipping
[INFO] javax/jms/InvalidDestinationException.class already added, skipping
[INFO] javax/jms/InvalidSelectorException.class already added, skipping
[INFO] javax/jms/JMSException.class already added, skipping
[INFO] javax/jms/JMSSecurityException.class already added, skipping
[INFO] javax/jms/MapMessage.class already added, skipping
[INFO] javax/jms/Message.class already added, skipping
[INFO] javax/jms/MessageConsumer.class already added, skipping
[INFO] javax/jms/MessageEOFException.class already added, skipping
[INFO] javax/jms/MessageFormatException.class already added, skipping
[INFO] javax/jms/MessageListener.class already added, skipping
[INFO] javax/jms/MessageNotReadableException.class already added, skipping
[INFO] javax/jms/MessageNotWriteableException.class already added, skipping
[INFO] javax/jms/MessageProducer.class already added, skipping
[INFO] javax/jms/ObjectMessage.class already added, skipping
[INFO] javax/jms/Queue.class already added, skipping
[INFO] javax/jms/QueueBrowser.class already added, skipping
[INFO] javax/jms/QueueConnection.class already added, skipping
[INFO] javax/jms/QueueConnectionFactory.class already added, skipping
[INFO] javax/jms/QueueReceiver.class already added, skipping
[INFO] javax/jms/QueueRequestor.class already added, skipping
[INFO] javax/jms/QueueSender.class already added, skipping
[INFO] javax/jms/QueueSession.class already added, skipping
[INFO] javax/jms/ResourceAllocationException.class already added, skipping
[INFO] javax/jms/ServerSession.class already added, skipping
[INFO] javax/jms/ServerSessionPool.class already added, skipping
[INFO] javax/jms/Session.class already added, skipping
[INFO] javax/jms/StreamMessage.class already added, skipping
[INFO] javax/jms/TemporaryQueue.class already added, skipping
[INFO] javax/jms/TemporaryTopic.class already added, skipping
[INFO] javax/jms/TextMessage.class already added, skipping
[INFO] javax/jms/Topic.class already added, skipping
[INFO] javax/jms/TopicConnection.class already added, skipping
[INFO] javax/jms/TopicConnectionFactory.class already added, skipping
[INFO] javax/jms/TopicPublisher.class already added, skipping
[INFO] javax/jms/TopicRequestor.class already added, skipping
[INFO] javax/jms/TopicSession.class already added, skipping
[INFO] javax/jms/TopicSubscriber.class already added, skipping
[INFO] javax/jms/TransactionInProgressException.class already added, skipping
[INFO] javax/jms/TransactionRolledBackException.class already added, skipping
[INFO] javax/jms/XAConnection.class already added, skipping
[INFO] javax/jms/XAConnectionFactory.class already added, skipping
[INFO] javax/jms/XAQueueConnection.class already added, skipping
[INFO] javax/jms/XAQueueConnectionFactory.class already added, skipping
[INFO] javax/jms/XAQueueSession.class already added, skipping
[INFO] javax/jms/XASession.class already added, skipping
[INFO] javax/jms/XATopicConnection.class already added, skipping
[INFO] javax/jms/XATopicConnectionFactory.class already added, skipping
[INFO] javax/jms/XATopicSession.class already added, skipping
[INFO] META-INF/MANIFEST.MF already added, skipping
[INFO] META-INF/ already added, skipping
[INFO] META-INF/maven/ already added, skipping
[INFO] org/ already added, skipping
[INFO] META-INF/ already added, skipping
[INFO] META-INF/MANIFEST.MF already added, skipping
[INFO] org/ already added, skipping
[INFO] org/slf4j/ already added, skipping
[INFO] org/slf4j/helpers/ already added, skipping
[INFO] org/slf4j/spi/ already added, skipping
[INFO] org/slf4j/helpers/BasicMarker.class already added, skipping
[INFO] org/slf4j/helpers/BasicMarkerFactory.class already added, skipping
[INFO] org/slf4j/helpers/BasicMDCAdapter.class already added, skipping
[INFO] org/slf4j/helpers/FormattingTuple.class already added, skipping
[INFO] org/slf4j/helpers/MarkerIgnoringBase.class already added, skipping
[INFO] org/slf4j/helpers/MessageFormatter.class already added, skipping
[INFO] org/slf4j/helpers/NamedLoggerBase.class already added, skipping
[INFO] org/slf4j/helpers/NOPLogger.class already added, skipping
[INFO] org/slf4j/helpers/NOPLoggerFactory.class already added, skipping
[INFO] org/slf4j/helpers/NOPMDCAdapter.class already added, skipping
[INFO] org/slf4j/helpers/SubstituteLoggerFactory.class already added, skipping
[INFO] org/slf4j/helpers/Util.class already added, skipping
[INFO] org/slf4j/ILoggerFactory.class already added, skipping
[INFO] org/slf4j/IMarkerFactory.class already added, skipping
[INFO] org/slf4j/Logger.class already added, skipping
[INFO] org/slf4j/LoggerFactory.class already added, skipping
[INFO] org/slf4j/Marker.class already added, skipping
[INFO] org/slf4j/MarkerFactory.class already added, skipping
[INFO] org/slf4j/MDC.class already added, skipping
[INFO] org/slf4j/spi/LocationAwareLogger.class already added, skipping
[INFO] org/slf4j/spi/LoggerFactoryBinder.class already added, skipping
[INFO] org/slf4j/spi/MarkerFactoryBinder.class already added, skipping
[INFO] org/slf4j/spi/MDCAdapter.class already added, skipping
[INFO] META-INF/maven/ already added, skipping
[INFO] META-INF/maven/org.slf4j/ already added, skipping
[INFO] META-INF/maven/org.slf4j/slf4j-api/ already added, skipping
[INFO] META-INF/maven/org.slf4j/slf4j-api/pom.xml already added, skipping
[INFO] META-INF/maven/org.slf4j/slf4j-api/pom.properties already added, skipping
[INFO] META-INF/MANIFEST.MF already added, skipping
[INFO] META-INF/ already added, skipping
[INFO] META-INF/maven/ already added, skipping
[INFO] org/ already added, skipping
[INFO] META-INF/ already added, skipping
[INFO] META-INF/MANIFEST.MF already added, skipping
[INFO] org/ already added, skipping
[INFO] META-INF/maven/ already added, skipping
[INFO] META-INF/MANIFEST.MF already added, skipping
[INFO] META-INF/ already added, skipping
[INFO] META-INF/maven/ already added, skipping
[INFO] META-INF/maven/org.kie/ already added, skipping
[INFO] org/ already added, skipping
[INFO] org/kie/ already added, skipping
[INFO] META-INF/ already added, skipping
[INFO] META-INF/MANIFEST.MF already added, skipping
[INFO] org/ already added, skipping
[INFO] org/apache/ already added, skipping
[INFO] META-INF/LICENSE.txt already added, skipping
[INFO] META-INF/maven/ already added, skipping
[INFO] META-INF/MANIFEST.MF already added, skipping
[INFO] META-INF/ already added, skipping
[INFO] META-INF/maven/ already added, skipping
[INFO] META-INF/maven/org.drools/ already added, skipping
[INFO] META-INF/services/ already added, skipping
[INFO] org/ already added, skipping
[INFO] org/drools/ already added, skipping
[INFO] META-INF/ already added, skipping
[INFO] META-INF/MANIFEST.MF already added, skipping
[INFO] org/ already added, skipping
[INFO] META-INF/maven/ already added, skipping
[INFO] org/ already added, skipping
[INFO] META-INF/ already added, skipping
[INFO] META-INF/services/ already added, skipping
[INFO] META-INF/MANIFEST.MF already added, skipping
[INFO] META-INF/ already added, skipping
[INFO] META-INF/MANIFEST.MF already added, skipping
[INFO] META-INF/maven/ already added, skipping
[INFO] META-INF/ already added, skipping
[INFO] META-INF/MANIFEST.MF already added, skipping
[INFO] org/ already added, skipping
[INFO] META-INF/ already added, skipping
[INFO] META-INF/MANIFEST.MF already added, skipping
[INFO] META-INF/services/ already added, skipping
[INFO] org/ already added, skipping
[INFO] org/xmlpull/ already added, skipping
[INFO] org/xmlpull/v1/ already added, skipping
[INFO] org/xmlpull/v1/XmlPullParser.class already added, skipping
[INFO] org/xmlpull/v1/XmlPullParserException.class already added, skipping
[INFO] META-INF/MANIFEST.MF already added, skipping
[INFO] META-INF/ already added, skipping
[INFO] META-INF/maven/ already added, skipping
[INFO] com/ already added, skipping
[INFO] Building jar: /home/psteiner/workspace_fuse/iot_controller_cep/target/iot_controller_cep-jar-with-dependencies.jar
[INFO] META-INF/ already added, skipping
[INFO] META-INF/MANIFEST.MF already added, skipping
[INFO] javax/ already added, skipping
[INFO] javax/jms/ already added, skipping
[INFO] javax/jms/BytesMessage.class already added, skipping
[INFO] javax/jms/Connection.class already added, skipping
[INFO] javax/jms/ConnectionConsumer.class already added, skipping
[INFO] javax/jms/ConnectionFactory.class already added, skipping
[INFO] javax/jms/ConnectionMetaData.class already added, skipping
[INFO] javax/jms/DeliveryMode.class already added, skipping
[INFO] javax/jms/Destination.class already added, skipping
[INFO] javax/jms/ExceptionListener.class already added, skipping
[INFO] javax/jms/IllegalStateException.class already added, skipping
[INFO] javax/jms/InvalidClientIDException.class already added, skipping
[INFO] javax/jms/InvalidDestinationException.class already added, skipping
[INFO] javax/jms/InvalidSelectorException.class already added, skipping
[INFO] javax/jms/JMSException.class already added, skipping
[INFO] javax/jms/JMSSecurityException.class already added, skipping
[INFO] javax/jms/MapMessage.class already added, skipping
[INFO] javax/jms/Message.class already added, skipping
[INFO] javax/jms/MessageConsumer.class already added, skipping
[INFO] javax/jms/MessageEOFException.class already added, skipping
[INFO] javax/jms/MessageFormatException.class already added, skipping
[INFO] javax/jms/MessageListener.class already added, skipping
[INFO] javax/jms/MessageNotReadableException.class already added, skipping
[INFO] javax/jms/MessageNotWriteableException.class already added, skipping
[INFO] javax/jms/MessageProducer.class already added, skipping
[INFO] javax/jms/ObjectMessage.class already added, skipping
[INFO] javax/jms/Queue.class already added, skipping
[INFO] javax/jms/QueueBrowser.class already added, skipping
[INFO] javax/jms/QueueConnection.class already added, skipping
[INFO] javax/jms/QueueConnectionFactory.class already added, skipping
[INFO] javax/jms/QueueReceiver.class already added, skipping
[INFO] javax/jms/QueueRequestor.class already added, skipping
[INFO] javax/jms/QueueSender.class already added, skipping
[INFO] javax/jms/QueueSession.class already added, skipping
[INFO] javax/jms/ResourceAllocationException.class already added, skipping
[INFO] javax/jms/ServerSession.class already added, skipping
[INFO] javax/jms/ServerSessionPool.class already added, skipping
[INFO] javax/jms/Session.class already added, skipping
[INFO] javax/jms/StreamMessage.class already added, skipping
[INFO] javax/jms/TemporaryQueue.class already added, skipping
[INFO] javax/jms/TemporaryTopic.class already added, skipping
[INFO] javax/jms/TextMessage.class already added, skipping
[INFO] javax/jms/Topic.class already added, skipping
[INFO] javax/jms/TopicConnection.class already added, skipping
[INFO] javax/jms/TopicConnectionFactory.class already added, skipping
[INFO] javax/jms/TopicPublisher.class already added, skipping
[INFO] javax/jms/TopicRequestor.class already added, skipping
[INFO] javax/jms/TopicSession.class already added, skipping
[INFO] javax/jms/TopicSubscriber.class already added, skipping
[INFO] javax/jms/TransactionInProgressException.class already added, skipping
[INFO] javax/jms/TransactionRolledBackException.class already added, skipping
[INFO] javax/jms/XAConnection.class already added, skipping
[INFO] javax/jms/XAConnectionFactory.class already added, skipping
[INFO] javax/jms/XAQueueConnection.class already added, skipping
[INFO] javax/jms/XAQueueConnectionFactory.class already added, skipping
[INFO] javax/jms/XAQueueSession.class already added, skipping
[INFO] javax/jms/XASession.class already added, skipping
[INFO] javax/jms/XATopicConnection.class already added, skipping
[INFO] javax/jms/XATopicConnectionFactory.class already added, skipping
[INFO] javax/jms/XATopicSession.class already added, skipping
[INFO] META-INF/MANIFEST.MF already added, skipping
[INFO] META-INF/ already added, skipping
[INFO] META-INF/maven/ already added, skipping
[INFO] org/ already added, skipping
[INFO] META-INF/ already added, skipping
[INFO] META-INF/MANIFEST.MF already added, skipping
[INFO] org/ already added, skipping
[INFO] org/slf4j/ already added, skipping
[INFO] org/slf4j/helpers/ already added, skipping
[INFO] org/slf4j/spi/ already added, skipping
[INFO] org/slf4j/helpers/BasicMarker.class already added, skipping
[INFO] org/slf4j/helpers/BasicMarkerFactory.class already added, skipping
[INFO] org/slf4j/helpers/BasicMDCAdapter.class already added, skipping
[INFO] org/slf4j/helpers/FormattingTuple.class already added, skipping
[INFO] org/slf4j/helpers/MarkerIgnoringBase.class already added, skipping
[INFO] org/slf4j/helpers/MessageFormatter.class already added, skipping
[INFO] org/slf4j/helpers/NamedLoggerBase.class already added, skipping
[INFO] org/slf4j/helpers/NOPLogger.class already added, skipping
[INFO] org/slf4j/helpers/NOPLoggerFactory.class already added, skipping
[INFO] org/slf4j/helpers/NOPMDCAdapter.class already added, skipping
[INFO] org/slf4j/helpers/SubstituteLoggerFactory.class already added, skipping
[INFO] org/slf4j/helpers/Util.class already added, skipping
[INFO] org/slf4j/ILoggerFactory.class already added, skipping
[INFO] org/slf4j/IMarkerFactory.class already added, skipping
[INFO] org/slf4j/Logger.class already added, skipping
[INFO] org/slf4j/LoggerFactory.class already added, skipping
[INFO] org/slf4j/Marker.class already added, skipping
[INFO] org/slf4j/MarkerFactory.class already added, skipping
[INFO] org/slf4j/MDC.class already added, skipping
[INFO] org/slf4j/spi/LocationAwareLogger.class already added, skipping
[INFO] org/slf4j/spi/LoggerFactoryBinder.class already added, skipping
[INFO] org/slf4j/spi/MarkerFactoryBinder.class already added, skipping
[INFO] org/slf4j/spi/MDCAdapter.class already added, skipping
[INFO] META-INF/maven/ already added, skipping
[INFO] META-INF/maven/org.slf4j/ already added, skipping
[INFO] META-INF/maven/org.slf4j/slf4j-api/ already added, skipping
[INFO] META-INF/maven/org.slf4j/slf4j-api/pom.xml already added, skipping
[INFO] META-INF/maven/org.slf4j/slf4j-api/pom.properties already added, skipping
[INFO] META-INF/MANIFEST.MF already added, skipping
[INFO] META-INF/ already added, skipping
[INFO] META-INF/maven/ already added, skipping
[INFO] org/ already added, skipping
[INFO] META-INF/ already added, skipping
[INFO] META-INF/MANIFEST.MF already added, skipping
[INFO] org/ already added, skipping
[INFO] META-INF/maven/ already added, skipping
[INFO] META-INF/MANIFEST.MF already added, skipping
[INFO] META-INF/ already added, skipping
[INFO] META-INF/maven/ already added, skipping
[INFO] META-INF/maven/org.kie/ already added, skipping
[INFO] org/ already added, skipping
[INFO] org/kie/ already added, skipping
[INFO] META-INF/ already added, skipping
[INFO] META-INF/MANIFEST.MF already added, skipping
[INFO] org/ already added, skipping
[INFO] org/apache/ already added, skipping
[INFO] META-INF/LICENSE.txt already added, skipping
[INFO] META-INF/maven/ already added, skipping
[INFO] META-INF/MANIFEST.MF already added, skipping
[INFO] META-INF/ already added, skipping
[INFO] META-INF/maven/ already added, skipping
[INFO] META-INF/maven/org.drools/ already added, skipping
[INFO] META-INF/services/ already added, skipping
[INFO] org/ already added, skipping
[INFO] org/drools/ already added, skipping
[INFO] META-INF/ already added, skipping
[INFO] META-INF/MANIFEST.MF already added, skipping
[INFO] org/ already added, skipping
[INFO] META-INF/maven/ already added, skipping
[INFO] org/ already added, skipping
[INFO] META-INF/ already added, skipping
[INFO] META-INF/services/ already added, skipping
[INFO] META-INF/MANIFEST.MF already added, skipping
[INFO] META-INF/ already added, skipping
[INFO] META-INF/MANIFEST.MF already added, skipping
[INFO] META-INF/maven/ already added, skipping
[INFO] META-INF/ already added, skipping
[INFO] META-INF/MANIFEST.MF already added, skipping
[INFO] org/ already added, skipping
[INFO] META-INF/ already added, skipping
[INFO] META-INF/MANIFEST.MF already added, skipping
[INFO] META-INF/services/ already added, skipping
[INFO] org/ already added, skipping
[INFO] org/xmlpull/ already added, skipping
[INFO] org/xmlpull/v1/ already added, skipping
[INFO] org/xmlpull/v1/XmlPullParser.class already added, skipping
[INFO] org/xmlpull/v1/XmlPullParserException.class already added, skipping
[INFO] META-INF/MANIFEST.MF already added, skipping
[INFO] META-INF/ already added, skipping
[INFO] META-INF/maven/ already added, skipping
[INFO] com/ already added, skipping
[INFO] 
[INFO] --- maven-install-plugin:2.4:install (default-install) @ controller_cep ---
[INFO] Installing /home/psteiner/workspace_fuse/iot_controller_cep/target/iot_controller_cep.jar to /media/psf/Home/.m2/repository/com/redhat/demo/iot/controller/cep/controller_cep/0.0.1-SNAPSHOT/controller_cep-0.0.1-SNAPSHOT.jar
[INFO] Installing /home/psteiner/workspace_fuse/iot_controller_cep/pom.xml to /media/psf/Home/.m2/repository/com/redhat/demo/iot/controller/cep/controller_cep/0.0.1-SNAPSHOT/controller_cep-0.0.1-SNAPSHOT.pom
[INFO] Installing /home/psteiner/workspace_fuse/iot_controller_cep/target/iot_controller_cep-jar-with-dependencies.jar to /media/psf/Home/.m2/repository/com/redhat/demo/iot/controller/cep/controller_cep/0.0.1-SNAPSHOT/controller_cep-0.0.1-SNAPSHOT-jar-with-dependencies.jar
[INFO] ------------------------------------------------------------------------
[INFO] BUILD SUCCESS
[INFO] ------------------------------------------------------------------------
[INFO] Total time: 11.012 s
[INFO] Finished at: 2015-07-03T22:07:31+02:00
[INFO] Final Memory: 81M/735M
[INFO] ------------------------------------------------------------------------
