[INFO] Scanning for projects...
[WARNING] 
[WARNING] Some problems were encountered while building the effective model for com.redhat.demo.iot.datacenter.receiver:datacenter_receiver:bundle:1.0.0-SNAPSHOT
[WARNING] 'dependencies.dependency.(groupId:artifactId:type:classifier)' must be unique: org.apache.activemq:activemq-pool:jar -> duplicate declaration of version 5.9.0.redhat-610379 @ line 159, column 18
[WARNING] 
[WARNING] It is highly recommended to fix these problems because they threaten the stability of your build.
[WARNING] 
[WARNING] For this reason, future Maven versions might no longer support building such malformed projects.
[WARNING] 
[INFO]                                                                         
[INFO] ------------------------------------------------------------------------
[INFO] Building IOT Datacenter Receiver 1.0.0-SNAPSHOT
[INFO] ------------------------------------------------------------------------
[INFO] 
[INFO] --- maven-clean-plugin:2.5:clean (default-clean) @ datacenter_receiver ---
[INFO] Deleting /home/psteiner/workspace_fuse/iot_datacenter_receiver/target
[INFO] 
[INFO] --- maven-resources-plugin:2.6:resources (default-resources) @ datacenter_receiver ---
[INFO] Using 'UTF-8' encoding to copy filtered resources.
[INFO] Copying 3 resources
[INFO] 
[INFO] --- maven-compiler-plugin:2.5.1:compile (default-compile) @ datacenter_receiver ---
[INFO] Compiling 2 source files to /home/psteiner/workspace_fuse/iot_datacenter_receiver/target/classes
[INFO] 
[INFO] --- maven-bundle-plugin:2.3.7:manifest (bundle-manifest) @ datacenter_receiver ---
[INFO] 
[INFO] --- maven-resources-plugin:2.6:testResources (default-testResources) @ datacenter_receiver ---
[INFO] Using 'UTF-8' encoding to copy filtered resources.
[INFO] skip non existing resourceDirectory /home/psteiner/workspace_fuse/iot_datacenter_receiver/src/test/resources
[INFO] 
[INFO] --- maven-compiler-plugin:2.5.1:testCompile (default-testCompile) @ datacenter_receiver ---
[INFO] No sources to compile
[INFO] 
[INFO] --- maven-surefire-plugin:2.13-SONATYPE:test (default-test) @ datacenter_receiver ---
[INFO] No tests to run.
[INFO] 
[INFO] --- maven-bundle-plugin:2.3.7:bundle (default-bundle) @ datacenter_receiver ---
[INFO] 
[INFO] --- maven-install-plugin:2.4:install (default-install) @ datacenter_receiver ---
[INFO] Installing /home/psteiner/workspace_fuse/iot_datacenter_receiver/target/datacenter_receiver-1.0.0-SNAPSHOT.jar to /media/psf/Home/.m2/repository/com/redhat/demo/iot/datacenter/receiver/datacenter_receiver/1.0.0-SNAPSHOT/datacenter_receiver-1.0.0-SNAPSHOT.jar
[INFO] Installing /home/psteiner/workspace_fuse/iot_datacenter_receiver/pom.xml to /media/psf/Home/.m2/repository/com/redhat/demo/iot/datacenter/receiver/datacenter_receiver/1.0.0-SNAPSHOT/datacenter_receiver-1.0.0-SNAPSHOT.pom
[INFO] 
[INFO] --- maven-bundle-plugin:2.3.7:install (default-install) @ datacenter_receiver ---
[INFO] Installing com/redhat/demo/iot/datacenter/receiver/datacenter_receiver/1.0.0-SNAPSHOT/datacenter_receiver-1.0.0-SNAPSHOT.jar
[INFO] Writing OBR metadata
[INFO] ------------------------------------------------------------------------
[INFO] BUILD SUCCESS
[INFO] ------------------------------------------------------------------------
[INFO] Total time: 3.828 s
[INFO] Finished at: 2015-07-03T22:07:36+02:00
[INFO] Final Memory: 20M/230M
[INFO] ------------------------------------------------------------------------
